# JRE version: OpenJDK Runtime Environment Temurin-17.0.11+9 (17.0.11+9) (build 17.0.11+9)
# Java VM: OpenJDK 64-Bit Server VM Temurin-17.0.11+9 (17.0.11+9, mixed mode, emulated-client, tiered, compressed oops, compressed class ptrs, g1 gc, windows-amd64)
GC Precious Log:
 CPUs: 16 total, 16 available
 Memory: 10085M
 Large Page Support: Disabled
 NUMA Support: Disabled
 Compressed Oops: Enabled (32-bit)
 Heap Region Size: 1M
 Heap Min Capacity: 8M
 Heap Initial Capacity: 158M
 Heap Max Capacity: 1G
 Pre-touch: Disabled
 Parallel Workers: 13
 Concurrent Workers: 3
 Concurrent Refinement Workers: 13
 Periodic GC: Disabled
Heap:
 garbage-first heap   total 75776K, used 25489K [0x00000000c0000000, 0x0000000100000000)
  region size 1024K, 1 young (1024K), 0 survivors (0K)
 Metaspace       used 40946K, committed 41472K, reserved 1114112K
  class space    used 5234K, committed 5440K, reserved 1048576K
GC Heap History (20 events):
Event: 124222.766 GC heap before
{Heap before GC invocations=3250 (full 3241):
 garbage-first heap   total 75776K, used 25489K [0x00000000c0000000, 0x0000000100000000)
  region size 1024K, 1 young (1024K), 0 survivors (0K)
 Metaspace       used 40946K, committed 41472K, reserved 1114112K
  class space    used 5234K, committed 5440K, reserved 1048576K
}
Event: 124222.788 GC heap after
{Heap after GC invocations=3251 (full 3242):
 garbage-first heap   total 75776K, used 25489K [0x00000000c0000000, 0x0000000100000000)
  region size 1024K, 0 young (0K), 0 survivors (0K)
 Metaspace       used 40946K, committed 41472K, reserved 1114112K
  class space    used 5234K, committed 5440K, reserved 1048576K
}
Event: 124233.041 GC heap before
{Heap before GC invocations=3251 (full 3242):
 garbage-first heap   total 75776K, used 25489K [0x00000000c0000000, 0x0000000100000000)
  region size 1024K, 1 young (1024K), 0 survivors (0K)
 Metaspace       used 40946K, committed 41472K, reserved 1114112K
  class space    used 5234K, committed 5440K, reserved 1048576K
}
Event: 124233.068 GC heap after
{Heap after GC invocations=3252 (full 3243):
 garbage-first heap   total 75776K, used 25489K [0x00000000c0000000, 0x0000000100000000)
  region size 1024K, 0 young (0K), 0 survivors (0K)
 Metaspace       used 40946K, committed 41472K, reserved 1114112K
  class space    used 5234K, committed 5440K, reserved 1048576K
}
Event: 124243.309 GC heap before
{Heap before GC invocations=3252 (full 3243):
 garbage-first heap   total 75776K, used 25489K [0x00000000c0000000, 0x0000000100000000)
  region size 1024K, 1 young (1024K), 0 survivors (0K)
 Metaspace       used 40946K, committed 41472K, reserved 1114112K
  class space    used 5234K, committed 5440K, reserved 1048576K
}
Event: 124243.328 GC heap after
{Heap after GC invocations=3253 (full 3244):
 garbage-first heap   total 75776K, used 25489K [0x00000000c0000000, 0x0000000100000000)
  region size 1024K, 0 young (0K), 0 survivors (0K)
 Metaspace       used 40946K, committed 41472K, reserved 1114112K
  class space    used 5234K, committed 5440K, reserved 1048576K
}
Event: 124253.573 GC heap before
{Heap before GC invocations=3253 (full 3244):
 garbage-first heap   total 75776K, used 25489K [0x00000000c0000000, 0x0000000100000000)
  region size 1024K, 1 young (1024K), 0 survivors (0K)
 Metaspace       used 40946K, committed 41472K, reserved 1114112K
  class space    used 5234K, committed 5440K, reserved 1048576K
}
Event: 124253.592 GC heap after
{Heap after GC invocations=3254 (full 3245):
 garbage-first heap   total 75776K, used 25489K [0x00000000c0000000, 0x0000000100000000)
  region size 1024K, 0 young (0K), 0 survivors (0K)
 Metaspace       used 40946K, committed 41472K, reserved 1114112K
  class space    used 5234K, committed 5440K, reserved 1048576K
}
Event: 124263.818 GC heap before
{Heap before GC invocations=3254 (full 3245):
 garbage-first heap   total 75776K, used 25489K [0x00000000c0000000, 0x0000000100000000)
  region size 1024K, 1 young (1024K), 0 survivors (0K)
 Metaspace       used 40946K, committed 41472K, reserved 1114112K
  class space    used 5234K, committed 5440K, reserved 1048576K
}
Event: 124263.837 GC heap after
{Heap after GC invocations=3255 (full 3246):
 garbage-first heap   total 75776K, used 25489K [0x00000000c0000000, 0x0000000100000000)
  region size 1024K, 0 young (0K), 0 survivors (0K)
 Metaspace       used 40946K, committed 41472K, reserved 1114112K
  class space    used 5234K, committed 5440K, reserved 1048576K
}
Event: 124274.066 GC heap before
{Heap before GC invocations=3255 (full 3246):
 garbage-first heap   total 75776K, used 25489K [0x00000000c0000000, 0x0000000100000000)
  region size 1024K, 1 young (1024K), 0 survivors (0K)
 Metaspace       used 40946K, committed 41472K, reserved 1114112K
  class space    used 5234K, committed 5440K, reserved 1048576K
}
Event: 124274.094 GC heap after
{Heap after GC invocations=3256 (full 3247):
 garbage-first heap   total 75776K, used 25489K [0x00000000c0000000, 0x0000000100000000)
  region size 1024K, 0 young (0K), 0 survivors (0K)
 Metaspace       used 40946K, committed 41472K, reserved 1114112K
  class space    used 5234K, committed 5440K, reserved 1048576K
}
Event: 124284.586 GC heap before
{Heap before GC invocations=3256 (full 3247):
 garbage-first heap   total 75776K, used 25489K [0x00000000c0000000, 0x0000000100000000)
  region size 1024K, 1 young (1024K), 0 survivors (0K)
 Metaspace       used 40946K, committed 41472K, reserved 1114112K
  class space    used 5234K, committed 5440K, reserved 1048576K
}
Event: 124284.624 GC heap after
{Heap after GC invocations=3257 (full 3248):
 garbage-first heap   total 75776K, used 25489K [0x00000000c0000000, 0x0000000100000000)
  region size 1024K, 0 young (0K), 0 survivors (0K)
 Metaspace       used 40946K, committed 41472K, reserved 1114112K
  class space    used 5234K, committed 5440K, reserved 1048576K
}
Event: 124294.922 GC heap before
{Heap before GC invocations=3257 (full 3248):
 garbage-first heap   total 75776K, used 25489K [0x00000000c0000000, 0x0000000100000000)
  region size 1024K, 1 young (1024K), 0 survivors (0K)
 Metaspace       used 40946K, committed 41472K, reserved 1114112K
  class space    used 5234K, committed 5440K, reserved 1048576K
}
Event: 124294.952 GC heap after
{Heap after GC invocations=3258 (full 3249):
 garbage-first heap   total 75776K, used 25489K [0x00000000c0000000, 0x0000000100000000)
  region size 1024K, 0 young (0K), 0 survivors (0K)
 Metaspace       used 40946K, committed 41472K, reserved 1114112K
  class space    used 5234K, committed 5440K, reserved 1048576K
}
Event: 124305.236 GC heap before
{Heap before GC invocations=3258 (full 3249):
 garbage-first heap   total 75776K, used 25489K [0x00000000c0000000, 0x0000000100000000)
  region size 1024K, 1 young (1024K), 0 survivors (0K)
 Metaspace       used 40946K, committed 41472K, reserved 1114112K
  class space    used 5234K, committed 5440K, reserved 1048576K
}
Event: 124305.260 GC heap after
{Heap after GC invocations=3259 (full 3250):
 garbage-first heap   total 75776K, used 25489K [0x00000000c0000000, 0x0000000100000000)
  region size 1024K, 0 young (0K), 0 survivors (0K)
 Metaspace       used 40946K, committed 41472K, reserved 1114112K
  class space    used 5234K, committed 5440K, reserved 1048576K
}
Event: 124315.518 GC heap before
{Heap before GC invocations=3259 (full 3250):
 garbage-first heap   total 75776K, used 25489K [0x00000000c0000000, 0x0000000100000000)
  region size 1024K, 1 young (1024K), 0 survivors (0K)
 Metaspace       used 40946K, committed 41472K, reserved 1114112K
  class space    used 5234K, committed 5440K, reserved 1048576K
}
Event: 124315.539 GC heap after
{Heap after GC invocations=3260 (full 3251):
 garbage-first heap   total 75776K, used 25489K [0x00000000c0000000, 0x0000000100000000)
  region size 1024K, 0 young (0K), 0 survivors (0K)
 Metaspace       used 40946K, committed 41472K, reserved 1114112K
  class space    used 5234K, committed 5440K, reserved 1048576K
}

