# JRE version: OpenJDK Runtime Environment Temurin-17.0.11+9 (17.0.11+9) (build 17.0.11+9)
# Java VM: OpenJDK 64-Bit Server VM Temurin-17.0.11+9 (17.0.11+9, mixed mode, tiered, compressed oops, compressed class ptrs, parallel gc, windows-amd64)
GC Precious Log:
 CPUs: 16 total, 16 available
 Memory: 10085M
 Large Page Support: Disabled
 NUMA Support: Disabled
 Compressed Oops: Enabled (32-bit)
 Alignments: Space 512K, Generation 512K, Heap 2M
 Heap Min Capacity: 100M
 Heap Initial Capacity: 100M
 Heap Max Capacity: 1G
 Pre-touch: Disabled
 Parallel Workers: 13
Heap:
 PSYoungGen      total 9216K, used 4886K [0x00000000eab00000, 0x00000000eb780000, 0x0000000100000000)
  eden space 8192K, 47% used [0x00000000eab00000,0x00000000eaec5948,0x00000000eb300000)
  from space 1024K, 100% used [0x00000000eb580000,0x00000000eb680000,0x00000000eb680000)
  to   space 1024K, 0% used [0x00000000eb680000,0x00000000eb680000,0x00000000eb780000)
 ParOldGen       total 141824K, used 123956K [0x00000000c0000000, 0x00000000c8a80000, 0x00000000eab00000)
  object space 141824K, 87% used [0x00000000c0000000,0x00000000c790d368,0x00000000c8a80000)
 Metaspace       used 81073K, committed 82368K, reserved 1179648K
  class space    used 8092K, committed 8640K, reserved 1048576K
GC Heap History (20 events):
Event: 45236.965 GC heap before
{Heap before GC invocations=211 (full 8):
 PSYoungGen      total 7168K, used 6797K [0x00000000eab00000, 0x00000000eb380000, 0x0000000100000000)
  eden space 5632K, 99% used [0x00000000eab00000,0x00000000eb07fff0,0x00000000eb080000)
  from space 1536K, 75% used [0x00000000eb080000,0x00000000eb1a34a8,0x00000000eb200000)
  to   space 1536K, 0% used [0x00000000eb200000,0x00000000eb200000,0x00000000eb380000)
 ParOldGen       total 141824K, used 112439K [0x00000000c0000000, 0x00000000c8a80000, 0x00000000eab00000)
  object space 141824K, 79% used [0x00000000c0000000,0x00000000c6dcdfd0,0x00000000c8a80000)
 Metaspace       used 80985K, committed 82240K, reserved 1179648K
  class space    used 8092K, committed 8640K, reserved 1048576K
}
Event: 45236.970 GC heap after
{Heap after GC invocations=211 (full 8):
 PSYoungGen      total 7168K, used 1357K [0x00000000eab00000, 0x00000000eb380000, 0x0000000100000000)
  eden space 5632K, 0% used [0x00000000eab00000,0x00000000eab00000,0x00000000eb080000)
  from space 1536K, 88% used [0x00000000eb200000,0x00000000eb3534c8,0x00000000eb380000)
  to   space 1536K, 0% used [0x00000000eb080000,0x00000000eb080000,0x00000000eb200000)
 ParOldGen       total 141824K, used 113477K [0x00000000c0000000, 0x00000000c8a80000, 0x00000000eab00000)
  object space 141824K, 80% used [0x00000000c0000000,0x00000000c6ed1410,0x00000000c8a80000)
 Metaspace       used 80985K, committed 82240K, reserved 1179648K
  class space    used 8092K, committed 8640K, reserved 1048576K
}
Event: 45236.993 GC heap before
{Heap before GC invocations=212 (full 8):
 PSYoungGen      total 7168K, used 6989K [0x00000000eab00000, 0x00000000eb380000, 0x0000000100000000)
  eden space 5632K, 100% used [0x00000000eab00000,0x00000000eb080000,0x00000000eb080000)
  from space 1536K, 88% used [0x00000000eb200000,0x00000000eb3534c8,0x00000000eb380000)
  to   space 1536K, 0% used [0x00000000eb080000,0x00000000eb080000,0x00000000eb200000)
 ParOldGen       total 141824K, used 113477K [0x00000000c0000000, 0x00000000c8a80000, 0x00000000eab00000)
  object space 141824K, 80% used [0x00000000c0000000,0x00000000c6ed1410,0x00000000c8a80000)
 Metaspace       used 80985K, committed 82240K, reserved 1179648K
  class space    used 8092K, committed 8640K, reserved 1048576K
}
Event: 45237.005 GC heap after
{Heap after GC invocations=212 (full 8):
 PSYoungGen      total 7168K, used 1184K [0x00000000eab00000, 0x00000000eb500000, 0x0000000100000000)
  eden space 5632K, 0% used [0x00000000eab00000,0x00000000eab00000,0x00000000eb080000)
  from space 1536K, 77% used [0x00000000eb080000,0x00000000eb1a8000,0x00000000eb200000)
  to   space 1536K, 0% used [0x00000000eb380000,0x00000000eb380000,0x00000000eb500000)
 ParOldGen       total 141824K, used 114682K [0x00000000c0000000, 0x00000000c8a80000, 0x00000000eab00000)
  object space 141824K, 80% used [0x00000000c0000000,0x00000000c6ffe918,0x00000000c8a80000)
 Metaspace       used 80985K, committed 82240K, reserved 1179648K
  class space    used 8092K, committed 8640K, reserved 1048576K
}
Event: 45237.044 GC heap before
{Heap before GC invocations=213 (full 8):
 PSYoungGen      total 7168K, used 6816K [0x00000000eab00000, 0x00000000eb500000, 0x0000000100000000)
  eden space 5632K, 100% used [0x00000000eab00000,0x00000000eb080000,0x00000000eb080000)
  from space 1536K, 77% used [0x00000000eb080000,0x00000000eb1a8000,0x00000000eb200000)
  to   space 1536K, 0% used [0x00000000eb380000,0x00000000eb380000,0x00000000eb500000)
 ParOldGen       total 141824K, used 114682K [0x00000000c0000000, 0x00000000c8a80000, 0x00000000eab00000)
  object space 141824K, 80% used [0x00000000c0000000,0x00000000c6ffe918,0x00000000c8a80000)
 Metaspace       used 80985K, committed 82240K, reserved 1179648K
  class space    used 8092K, committed 8640K, reserved 1048576K
}
Event: 45237.049 GC heap after
{Heap after GC invocations=213 (full 8):
 PSYoungGen      total 8704K, used 1408K [0x00000000eab00000, 0x00000000eb500000, 0x0000000100000000)
  eden space 7168K, 0% used [0x00000000eab00000,0x00000000eab00000,0x00000000eb200000)
  from space 1536K, 91% used [0x00000000eb380000,0x00000000eb4e0000,0x00000000eb500000)
  to   space 1536K, 0% used [0x00000000eb200000,0x00000000eb200000,0x00000000eb380000)
 ParOldGen       total 141824K, used 115639K [0x00000000c0000000, 0x00000000c8a80000, 0x00000000eab00000)
  object space 141824K, 81% used [0x00000000c0000000,0x00000000c70edc88,0x00000000c8a80000)
 Metaspace       used 80985K, committed 82240K, reserved 1179648K
  class space    used 8092K, committed 8640K, reserved 1048576K
}
Event: 45237.147 GC heap before
{Heap before GC invocations=214 (full 8):
 PSYoungGen      total 8704K, used 8576K [0x00000000eab00000, 0x00000000eb500000, 0x0000000100000000)
  eden space 7168K, 100% used [0x00000000eab00000,0x00000000eb200000,0x00000000eb200000)
  from space 1536K, 91% used [0x00000000eb380000,0x00000000eb4e0000,0x00000000eb500000)
  to   space 1536K, 0% used [0x00000000eb200000,0x00000000eb200000,0x00000000eb380000)
 ParOldGen       total 141824K, used 115639K [0x00000000c0000000, 0x00000000c8a80000, 0x00000000eab00000)
  object space 141824K, 81% used [0x00000000c0000000,0x00000000c70edc88,0x00000000c8a80000)
 Metaspace       used 81006K, committed 82304K, reserved 1179648K
  class space    used 8092K, committed 8640K, reserved 1048576K
}
Event: 45237.157 GC heap after
{Heap after GC invocations=214 (full 8):
 PSYoungGen      total 8704K, used 1530K [0x00000000eab00000, 0x00000000eb800000, 0x0000000100000000)
  eden space 7168K, 0% used [0x00000000eab00000,0x00000000eab00000,0x00000000eb200000)
  from space 1536K, 99% used [0x00000000eb200000,0x00000000eb37e900,0x00000000eb380000)
  to   space 3072K, 0% used [0x00000000eb500000,0x00000000eb500000,0x00000000eb800000)
 ParOldGen       total 141824K, used 116815K [0x00000000c0000000, 0x00000000c8a80000, 0x00000000eab00000)
  object space 141824K, 82% used [0x00000000c0000000,0x00000000c7213d80,0x00000000c8a80000)
 Metaspace       used 81006K, committed 82304K, reserved 1179648K
  class space    used 8092K, committed 8640K, reserved 1048576K
}
Event: 45237.225 GC heap before
{Heap before GC invocations=215 (full 8):
 PSYoungGen      total 8704K, used 8698K [0x00000000eab00000, 0x00000000eb800000, 0x0000000100000000)
  eden space 7168K, 100% used [0x00000000eab00000,0x00000000eb200000,0x00000000eb200000)
  from space 1536K, 99% used [0x00000000eb200000,0x00000000eb37e900,0x00000000eb380000)
  to   space 3072K, 0% used [0x00000000eb500000,0x00000000eb500000,0x00000000eb800000)
 ParOldGen       total 141824K, used 116815K [0x00000000c0000000, 0x00000000c8a80000, 0x00000000eab00000)
  object space 141824K, 82% used [0x00000000c0000000,0x00000000c7213d80,0x00000000c8a80000)
 Metaspace       used 81011K, committed 82304K, reserved 1179648K
  class space    used 8092K, committed 8640K, reserved 1048576K
}
Event: 45237.244 GC heap after
{Heap after GC invocations=215 (full 8):
 PSYoungGen      total 10752K, used 1300K [0x00000000eab00000, 0x00000000eb780000, 0x0000000100000000)
  eden space 8192K, 0% used [0x00000000eab00000,0x00000000eab00000,0x00000000eb300000)
  from space 2560K, 50% used [0x00000000eb500000,0x00000000eb645200,0x00000000eb780000)
  to   space 2048K, 0% used [0x00000000eb300000,0x00000000eb300000,0x00000000eb500000)
 ParOldGen       total 141824K, used 118357K [0x00000000c0000000, 0x00000000c8a80000, 0x00000000eab00000)
  object space 141824K, 83% used [0x00000000c0000000,0x00000000c73956b0,0x00000000c8a80000)
 Metaspace       used 81011K, committed 82304K, reserved 1179648K
  class space    used 8092K, committed 8640K, reserved 1048576K
}
Event: 45237.296 GC heap before
{Heap before GC invocations=216 (full 8):
 PSYoungGen      total 10752K, used 9492K [0x00000000eab00000, 0x00000000eb780000, 0x0000000100000000)
  eden space 8192K, 100% used [0x00000000eab00000,0x00000000eb300000,0x00000000eb300000)
  from space 2560K, 50% used [0x00000000eb500000,0x00000000eb645200,0x00000000eb780000)
  to   space 2048K, 0% used [0x00000000eb300000,0x00000000eb300000,0x00000000eb500000)
 ParOldGen       total 141824K, used 118357K [0x00000000c0000000, 0x00000000c8a80000, 0x00000000eab00000)
  object space 141824K, 83% used [0x00000000c0000000,0x00000000c73956b0,0x00000000c8a80000)
 Metaspace       used 81012K, committed 82304K, reserved 1179648K
  class space    used 8092K, committed 8640K, reserved 1048576K
}
Event: 45237.311 GC heap after
{Heap after GC invocations=216 (full 8):
 PSYoungGen      total 10240K, used 1696K [0x00000000eab00000, 0x00000000eb900000, 0x0000000100000000)
  eden space 8192K, 0% used [0x00000000eab00000,0x00000000eab00000,0x00000000eb300000)
  from space 2048K, 82% used [0x00000000eb300000,0x00000000eb4a8000,0x00000000eb500000)
  to   space 2048K, 0% used [0x00000000eb700000,0x00000000eb700000,0x00000000eb900000)
 ParOldGen       total 141824K, used 119533K [0x00000000c0000000, 0x00000000c8a80000, 0x00000000eab00000)
  object space 141824K, 84% used [0x00000000c0000000,0x00000000c74bb5a8,0x00000000c8a80000)
 Metaspace       used 81012K, committed 82304K, reserved 1179648K
  class space    used 8092K, committed 8640K, reserved 1048576K
}
Event: 161925.974 GC heap before
{Heap before GC invocations=217 (full 8):
 PSYoungGen      total 10240K, used 9888K [0x00000000eab00000, 0x00000000eb900000, 0x0000000100000000)
  eden space 8192K, 100% used [0x00000000eab00000,0x00000000eb300000,0x00000000eb300000)
  from space 2048K, 82% used [0x00000000eb300000,0x00000000eb4a8000,0x00000000eb500000)
  to   space 2048K, 0% used [0x00000000eb700000,0x00000000eb700000,0x00000000eb900000)
 ParOldGen       total 141824K, used 119533K [0x00000000c0000000, 0x00000000c8a80000, 0x00000000eab00000)
  object space 141824K, 84% used [0x00000000c0000000,0x00000000c74bb5a8,0x00000000c8a80000)
 Metaspace       used 81070K, committed 82368K, reserved 1179648K
  class space    used 8092K, committed 8640K, reserved 1048576K
}
Event: 161926.120 GC heap after
{Heap after GC invocations=217 (full 8):
 PSYoungGen      total 9728K, used 1396K [0x00000000eab00000, 0x00000000eb880000, 0x0000000100000000)
  eden space 8192K, 0% used [0x00000000eab00000,0x00000000eab00000,0x00000000eb300000)
  from space 1536K, 90% used [0x00000000eb700000,0x00000000eb85d220,0x00000000eb880000)
  to   space 1536K, 0% used [0x00000000eb580000,0x00000000eb580000,0x00000000eb700000)
 ParOldGen       total 141824K, used 121050K [0x00000000c0000000, 0x00000000c8a80000, 0x00000000eab00000)
  object space 141824K, 85% used [0x00000000c0000000,0x00000000c7636928,0x00000000c8a80000)
 Metaspace       used 81070K, committed 82368K, reserved 1179648K
  class space    used 8092K, committed 8640K, reserved 1048576K
}
Event: 169520.895 GC heap before
{Heap before GC invocations=218 (full 8):
 PSYoungGen      total 9728K, used 9588K [0x00000000eab00000, 0x00000000eb880000, 0x0000000100000000)
  eden space 8192K, 100% used [0x00000000eab00000,0x00000000eb300000,0x00000000eb300000)
  from space 1536K, 90% used [0x00000000eb700000,0x00000000eb85d220,0x00000000eb880000)
  to   space 1536K, 0% used [0x00000000eb580000,0x00000000eb580000,0x00000000eb700000)
 ParOldGen       total 141824K, used 121050K [0x00000000c0000000, 0x00000000c8a80000, 0x00000000eab00000)
  object space 141824K, 85% used [0x00000000c0000000,0x00000000c7636928,0x00000000c8a80000)
 Metaspace       used 81070K, committed 82368K, reserved 1179648K
  class space    used 8092K, committed 8640K, reserved 1048576K
}
Event: 169520.974 GC heap after
{Heap after GC invocations=218 (full 8):
 PSYoungGen      total 9216K, used 877K [0x00000000eab00000, 0x00000000eb780000, 0x0000000100000000)
  eden space 8192K, 0% used [0x00000000eab00000,0x00000000eab00000,0x00000000eb300000)
  from space 1024K, 85% used [0x00000000eb580000,0x00000000eb65b4c8,0x00000000eb680000)
  to   space 1024K, 0% used [0x00000000eb680000,0x00000000eb680000,0x00000000eb780000)
 ParOldGen       total 141824K, used 121468K [0x00000000c0000000, 0x00000000c8a80000, 0x00000000eab00000)
  object space 141824K, 85% used [0x00000000c0000000,0x00000000c769f138,0x00000000c8a80000)
 Metaspace       used 81070K, committed 82368K, reserved 1179648K
  class space    used 8092K, committed 8640K, reserved 1048576K
}
Event: 169521.218 GC heap before
{Heap before GC invocations=219 (full 8):
 PSYoungGen      total 9216K, used 9069K [0x00000000eab00000, 0x00000000eb780000, 0x0000000100000000)
  eden space 8192K, 100% used [0x00000000eab00000,0x00000000eb300000,0x00000000eb300000)
  from space 1024K, 85% used [0x00000000eb580000,0x00000000eb65b4c8,0x00000000eb680000)
  to   space 1024K, 0% used [0x00000000eb680000,0x00000000eb680000,0x00000000eb780000)
 ParOldGen       total 141824K, used 121468K [0x00000000c0000000, 0x00000000c8a80000, 0x00000000eab00000)
  object space 141824K, 85% used [0x00000000c0000000,0x00000000c769f138,0x00000000c8a80000)
 Metaspace       used 81071K, committed 82368K, reserved 1179648K
  class space    used 8092K, committed 8640K, reserved 1048576K
}
Event: 169521.227 GC heap after
{Heap after GC invocations=219 (full 8):
 PSYoungGen      total 9216K, used 1024K [0x00000000eab00000, 0x00000000eb780000, 0x0000000100000000)
  eden space 8192K, 0% used [0x00000000eab00000,0x00000000eab00000,0x00000000eb300000)
  from space 1024K, 100% used [0x00000000eb680000,0x00000000eb780000,0x00000000eb780000)
  to   space 1024K, 0% used [0x00000000eb580000,0x00000000eb580000,0x00000000eb680000)
 ParOldGen       total 141824K, used 122432K [0x00000000c0000000, 0x00000000c8a80000, 0x00000000eab00000)
  object space 141824K, 86% used [0x00000000c0000000,0x00000000c7790008,0x00000000c8a80000)
 Metaspace       used 81071K, committed 82368K, reserved 1179648K
  class space    used 8092K, committed 8640K, reserved 1048576K
}
Event: 169521.577 GC heap before
{Heap before GC invocations=220 (full 8):
 PSYoungGen      total 9216K, used 9216K [0x00000000eab00000, 0x00000000eb780000, 0x0000000100000000)
  eden space 8192K, 100% used [0x00000000eab00000,0x00000000eb300000,0x00000000eb300000)
  from space 1024K, 100% used [0x00000000eb680000,0x00000000eb780000,0x00000000eb780000)
  to   space 1024K, 0% used [0x00000000eb580000,0x00000000eb580000,0x00000000eb680000)
 ParOldGen       total 141824K, used 122432K [0x00000000c0000000, 0x00000000c8a80000, 0x00000000eab00000)
  object space 141824K, 86% used [0x00000000c0000000,0x00000000c7790008,0x00000000c8a80000)
 Metaspace       used 81071K, committed 82368K, reserved 1179648K
  class space    used 8092K, committed 8640K, reserved 1048576K
}
Event: 169521.593 GC heap after
{Heap after GC invocations=220 (full 8):
 PSYoungGen      total 9216K, used 1024K [0x00000000eab00000, 0x00000000eb780000, 0x0000000100000000)
  eden space 8192K, 0% used [0x00000000eab00000,0x00000000eab00000,0x00000000eb300000)
  from space 1024K, 100% used [0x00000000eb580000,0x00000000eb680000,0x00000000eb680000)
  to   space 1024K, 0% used [0x00000000eb680000,0x00000000eb680000,0x00000000eb780000)
 ParOldGen       total 141824K, used 123956K [0x00000000c0000000, 0x00000000c8a80000, 0x00000000eab00000)
  object space 141824K, 87% used [0x00000000c0000000,0x00000000c790d368,0x00000000c8a80000)
 Metaspace       used 81071K, committed 82368K, reserved 1179648K
  class space    used 8092K, committed 8640K, reserved 1048576K
}

